<?xml version="1.0" encoding="UTF-8"?>
<!-- Generated by org.testng.reporters.JUnitReportReporter -->
<testsuite hostname="LAPTOP-3PEA0A3U" failures="0" tests="1" name="testng.testngtest2" time="0.004" errors="0" timestamp="2024-03-10T01:18:12 IST" skipped="0">
  <testcase classname="testng.testngtest2" name="mobApp" time="0.004"/>
</testsuite> <!-- testng.testngtest2 -->
