<?xml version="1.0" encoding="UTF-8"?>
<!-- Generated by org.testng.reporters.JUnitReportReporter -->
<testsuite hostname="LAPTOP-3PEA0A3U" failures="0" tests="1" name="testngtest1" time="0.006" errors="0" timestamp="2024-03-10T00:40:38 IST" skipped="0">
  <testcase classname="testngtest1" name="demo" time="0.006"/>
</testsuite> <!-- testngtest1 -->
