<?xml version="1.0" encoding="UTF-8"?>
<!-- Generated by org.testng.reporters.JUnitReportReporter -->
<testsuite hostname="LAPTOP-3PEA0A3U" failures="0" tests="1" name="testng.testngtest3" time="0.002" errors="0" timestamp="2024-03-10T23:10:38 IST" skipped="0">
  <testcase classname="testng.testngtest3" name="Car" time="0.002"/>
</testsuite> <!-- testng.testngtest3 -->
