<?xml version="1.0" encoding="UTF-8"?>
<!-- Generated by org.testng.reporters.JUnitReportReporter -->
<testsuite hostname="LAPTOP-3PEA0A3U" failures="0" tests="1" name="testng.testngtest1" time="0.009" errors="0" timestamp="2024-03-10T01:19:22 IST" skipped="0">
  <testcase classname="testng.testngtest1" name="webApp" time="0.009"/>
</testsuite> <!-- testng.testngtest1 -->
